<?xml version="1.0" encoding="UTF-8" ?>
<testsuite errors="0" failures="0" hostname="serpro-1551454" name="com.home.junit.CalculatorTest" skipped="0" tests="1" time="0.057" timestamp="2018-11-09T14:32:35">
  <properties>
    <property name="java.vendor" value="Oracle Corporation" />
    <property name="sun.java.launcher" value="SUN_STANDARD" />
    <property name="eclipse.pdebuild.templates" value="/home/02581131462/eclipse/jee-2018-09/eclipse/../../../.p2/pool/plugins/org.eclipse.pde.build_3.10.100.v20180828-1915/templates" />
    <property name="sun.management.compiler" value="HotSpot 64-Bit Tiered Compilers" />
    <property name="os.name" value="Linux" />
    <property name="sun.boot.class.path" value="/usr/lib/jvm/java-8-oracle/jre/lib/resources.jar:/usr/lib/jvm/java-8-oracle/jre/lib/rt.jar:/usr/lib/jvm/java-8-oracle/jre/lib/sunrsasign.jar:/usr/lib/jvm/java-8-oracle/jre/lib/jsse.jar:/usr/lib/jvm/java-8-oracle/jre/lib/jce.jar:/usr/lib/jvm/java-8-oracle/jre/lib/charsets.jar:/usr/lib/jvm/java-8-oracle/jre/lib/jfr.jar:/usr/lib/jvm/java-8-oracle/jre/classes" />
    <property name="sun.desktop" value="gnome" />
    <property name="java.vm.specification.vendor" value="Oracle Corporation" />
    <property name="ant.home" value="/home/02581131462/.p2/pool/plugins/org.apache.ant_1.10.5.v20180808-0324" />
    <property name="java.runtime.version" value="1.8.0_144-b01" />
    <property name="user.name" value="02581131462" />
    <property name="build.dir" value="/home/02581131462/eclipse-workspace/JenkinsJunit/bin" />
    <property name="user.language" value="pt" />
    <property name="test.report.dir" value="/home/02581131462/eclipse-workspace/JenkinsJunit/testreport" />
    <property name="sun.boot.library.path" value="/usr/lib/jvm/java-8-oracle/jre/lib/amd64" />
    <property name="ant.project.default-target" value="main" />
    <property name="doc.dir" value="/home/02581131462/eclipse-workspace/JenkinsJunit/docs" />
    <property name="ant.project.name" value="Sample Project" />
    <property name="java.version" value="1.8.0_144" />
    <property name="user.timezone" value="" />
    <property name="sun.arch.data.model" value="64" />
    <property name="java.endorsed.dirs" value="/usr/lib/jvm/java-8-oracle/jre/lib/endorsed" />
    <property name="sun.cpu.isalist" value="" />
    <property name="sun.jnu.encoding" value="UTF-8" />
    <property name="file.encoding.pkg" value="sun.io" />
    <property name="file.separator" value="/" />
    <property name="java.specification.name" value="Java Platform API Specification" />
    <property name="java.class.version" value="52.0" />
    <property name="user.country" value="BR" />
    <property name="java.home" value="/usr/lib/jvm/java-8-oracle/jre" />
    <property name="java.vm.info" value="mixed mode" />
    <property name="ant.file" value="/home/02581131462/eclipse-workspace/JenkinsJunit/build.xml" />
    <property name="os.version" value="4.4.0-62-generic" />
    <property name="path.separator" value=":" />
    <property name="java.vm.version" value="25.144-b01" />
    <property name="ant.library.dir" value="/home/02581131462/.p2/pool/plugins/org.apache.ant_1.10.5.v20180808-0324/lib" />
    <property name="java.awt.printerjob" value="sun.print.PSPrinterJob" />
    <property name="sun.io.unicode.encoding" value="UnicodeLittle" />
    <property name="awt.toolkit" value="sun.awt.X11.XToolkit" />
    <property name="eclipse.pdebuild.scripts" value="/home/02581131462/eclipse/jee-2018-09/eclipse/../../../.p2/pool/plugins/org.eclipse.pde.build_3.10.100.v20180828-1915/scripts" />
    <property name="user.home" value="/home/02581131462" />
    <property name="java.specification.vendor" value="Oracle Corporation" />
    <property name="ant.file.Sample Project" value="/home/02581131462/eclipse-workspace/JenkinsJunit/build.xml" />
    <property name="test.dir" value="/home/02581131462/eclipse-workspace/JenkinsJunit/src" />
    <property name="java.library.path" value="/usr/java/packages/lib/amd64:/usr/lib64:/lib64:/lib:/usr/lib" />
    <property name="java.vendor.url" value="http://java.oracle.com/" />
    <property name="java.vm.vendor" value="Oracle Corporation" />
    <property name="ant.file.type.Sample Project" value="file" />
    <property name="java.runtime.name" value="Java(TM) SE Runtime Environment" />
    <property name="sun.java.command" value="org.apache.tools.ant.taskdefs.optional.junit.JUnitTestRunner com.home.junit.CalculatorTest skipNonTests=false filtertrace=true haltOnError=false haltOnFailure=true formatter=org.apache.tools.ant.taskdefs.optional.junit.SummaryJUnitResultFormatter showoutput=false outputtoformatters=true logfailedtests=true threadid=0 logtestlistenerevents=false formatter=org.apache.tools.ant.taskdefs.optional.junit.XMLJUnitResultFormatter,/home/02581131462/eclipse-workspace/JenkinsJunit/testreport/TEST-com.home.junit.CalculatorTest.xml crashfile=/home/02581131462/eclipse-workspace/JenkinsJunit/junitvmwatcher8118434263411660604.properties propsfile=/home/02581131462/eclipse-workspace/JenkinsJunit/junit8492544891256359476.properties" />
    <property name="java.class.path" value="/home/02581131462/eclipse-workspace/JenkinsJunit/lib/junit-4.12.jar:/home/02581131462/eclipse-workspace/JenkinsJunit/lib/hamcrest-core-1.3.jar:/home/02581131462/eclipse-workspace/JenkinsJunit/bin:/home/02581131462/eclipse-workspace/JenkinsJunit/bin/tests:/home/02581131462/.p2/pool/plugins/org.apache.ant_1.10.5.v20180808-0324/lib/ant-launcher.jar:/home/02581131462/.p2/pool/plugins/org.apache.ant_1.10.5.v20180808-0324/lib/ant.jar:/home/02581131462/.p2/pool/plugins/org.apache.ant_1.10.5.v20180808-0324/lib/ant-junit.jar:/home/02581131462/.p2/pool/plugins/org.apache.ant_1.10.5.v20180808-0324/lib/ant-junit4.jar" />
    <property name="ant.version" value="Apache Ant(TM) version 1.10.5 compiled on July 10 2018" />
    <property name="java.vm.specification.name" value="Java Virtual Machine Specification" />
    <property name="java.vm.specification.version" value="1.8" />
    <property name="sun.cpu.endian" value="little" />
    <property name="sun.os.patch.level" value="unknown" />
    <property name="eclipse.pdebuild.home" value="/home/02581131462/eclipse/jee-2018-09/eclipse/../../../.p2/pool/plugins/org.eclipse.pde.build_3.10.100.v20180828-1915/." />
    <property name="java.io.tmpdir" value="/tmp" />
    <property name="java.vendor.url.bug" value="http://bugreport.sun.com/bugreport/" />
    <property name="os.arch" value="amd64" />
    <property name="java.awt.graphicsenv" value="sun.awt.X11GraphicsEnvironment" />
    <property name="java.ext.dirs" value="/usr/lib/jvm/java-8-oracle/jre/lib/ext:/usr/java/packages/lib/ext" />
    <property name="user.dir" value="/home/02581131462/eclipse-workspace/JenkinsJunit" />
    <property name="build.test.dir" value="/home/02581131462/eclipse-workspace/JenkinsJunit/bin/tests" />
    <property name="line.separator" value="&#xa;" />
    <property name="java.vm.name" value="Java HotSpot(TM) 64-Bit Server VM" />
    <property name="basedir" value="/home/02581131462/eclipse-workspace/JenkinsJunit" />
    <property name="ant.java.version" value="1.8" />
    <property name="ant.core.lib" value="/home/02581131462/.p2/pool/plugins/org.apache.ant_1.10.5.v20180808-0324/lib/ant.jar" />
    <property name="file.encoding" value="UTF-8" />
    <property name="source.dir" value="/home/02581131462/eclipse-workspace/JenkinsJunit/src" />
    <property name="java.specification.version" value="1.8" />
    <property name="ant.project.invoked-targets" value="main" />
  </properties>
  <testcase classname="com.home.junit.CalculatorTest" name="evaluatesExpression" time="0.002" />
  <system-out><![CDATA[]]></system-out>
  <system-err><![CDATA[]]></system-err>
</testsuite>
